# JRE version: OpenJDK Runtime Environment (17.0.5+8) (build 17.0.5+8-Ubuntu-2ubuntu122.04)
# Java VM: OpenJDK 64-Bit Server VM (17.0.5+8-Ubuntu-2ubuntu122.04, mixed mode, sharing, tiered, compressed oops, compressed class ptrs, g1 gc, linux-amd64)
GC Precious Log:
 CPUs: 4 total, 4 available
 Memory: 7708M
 Large Page Support: Disabled
 NUMA Support: Disabled
 Compressed Oops: Enabled (32-bit)
 Heap Region Size: 1M
 Heap Min Capacity: 256M
 Heap Initial Capacity: 256M
 Heap Max Capacity: 512M
 Pre-touch: Disabled
 Parallel Workers: 4
 Concurrent Workers: 1
 Concurrent Refinement Workers: 4
 Periodic GC: Disabled
Heap:
 garbage-first heap   total 262144K, used 106317K [0x00000000e0000000, 0x0000000100000000)
  region size 1024K, 7 young (7168K), 5 survivors (5120K)
 Metaspace       used 77990K, committed 80128K, reserved 286720K
  class space    used 10058K, committed 10944K, reserved 212992K
GC Heap History (20 events):
Event: 2524,167 GC heap before
{Heap before GC invocations=111 (full 0):
 garbage-first heap   total 262144K, used 214761K [0x00000000e0000000, 0x0000000100000000)
  region size 1024K, 113 young (115712K), 6 survivors (6144K)
 Metaspace       used 77489K, committed 79552K, reserved 286720K
  class space    used 9952K, committed 10816K, reserved 212992K
}
Event: 2524,179 GC heap after
{Heap after GC invocations=112 (full 0):
 garbage-first heap   total 262144K, used 104996K [0x00000000e0000000, 0x0000000100000000)
  region size 1024K, 5 young (5120K), 5 survivors (5120K)
 Metaspace       used 77489K, committed 79552K, reserved 286720K
  class space    used 9952K, committed 10816K, reserved 212992K
}
Event: 2532,457 GC heap before
{Heap before GC invocations=112 (full 0):
 garbage-first heap   total 262144K, used 215588K [0x00000000e0000000, 0x0000000100000000)
  region size 1024K, 114 young (116736K), 5 survivors (5120K)
 Metaspace       used 77493K, committed 79552K, reserved 286720K
  class space    used 9952K, committed 10816K, reserved 212992K
}
Event: 2532,467 GC heap after
{Heap after GC invocations=113 (full 0):
 garbage-first heap   total 262144K, used 106594K [0x00000000e0000000, 0x0000000100000000)
  region size 1024K, 6 young (6144K), 6 survivors (6144K)
 Metaspace       used 77493K, committed 79552K, reserved 286720K
  class space    used 9952K, committed 10816K, reserved 212992K
}
Event: 2537,308 GC heap before
{Heap before GC invocations=113 (full 0):
 garbage-first heap   total 262144K, used 216162K [0x00000000e0000000, 0x0000000100000000)
  region size 1024K, 114 young (116736K), 6 survivors (6144K)
 Metaspace       used 77506K, committed 79616K, reserved 286720K
  class space    used 9952K, committed 10816K, reserved 212992K
}
Event: 2537,327 GC heap after
{Heap after GC invocations=114 (full 0):
 garbage-first heap   total 262144K, used 104192K [0x00000000e0000000, 0x0000000100000000)
  region size 1024K, 4 young (4096K), 4 survivors (4096K)
 Metaspace       used 77506K, committed 79616K, reserved 286720K
  class space    used 9952K, committed 10816K, reserved 212992K
}
Event: 2548,736 GC heap before
{Heap before GC invocations=114 (full 0):
 garbage-first heap   total 262144K, used 216832K [0x00000000e0000000, 0x0000000100000000)
  region size 1024K, 115 young (117760K), 4 survivors (4096K)
 Metaspace       used 77518K, committed 79616K, reserved 286720K
  class space    used 9952K, committed 10816K, reserved 212992K
}
Event: 2548,740 GC heap after
{Heap after GC invocations=115 (full 0):
 garbage-first heap   total 262144K, used 103008K [0x00000000e0000000, 0x0000000100000000)
  region size 1024K, 3 young (3072K), 3 survivors (3072K)
 Metaspace       used 77518K, committed 79616K, reserved 286720K
  class space    used 9952K, committed 10816K, reserved 212992K
}
Event: 2555,661 GC heap before
{Heap before GC invocations=115 (full 0):
 garbage-first heap   total 262144K, used 218720K [0x00000000e0000000, 0x0000000100000000)
  region size 1024K, 117 young (119808K), 3 survivors (3072K)
 Metaspace       used 77520K, committed 79616K, reserved 286720K
  class space    used 9952K, committed 10816K, reserved 212992K
}
Event: 2555,673 GC heap after
{Heap after GC invocations=116 (full 0):
 garbage-first heap   total 262144K, used 106124K [0x00000000e0000000, 0x0000000100000000)
  region size 1024K, 6 young (6144K), 6 survivors (6144K)
 Metaspace       used 77520K, committed 79616K, reserved 286720K
  class space    used 9952K, committed 10816K, reserved 212992K
}
Event: 2565,608 GC heap before
{Heap before GC invocations=116 (full 0):
 garbage-first heap   total 262144K, used 217740K [0x00000000e0000000, 0x0000000100000000)
  region size 1024K, 116 young (118784K), 6 survivors (6144K)
 Metaspace       used 77543K, committed 79616K, reserved 286720K
  class space    used 9952K, committed 10816K, reserved 212992K
}
Event: 2565,613 GC heap after
{Heap after GC invocations=117 (full 0):
 garbage-first heap   total 262144K, used 104011K [0x00000000e0000000, 0x0000000100000000)
  region size 1024K, 4 young (4096K), 4 survivors (4096K)
 Metaspace       used 77543K, committed 79616K, reserved 286720K
  class space    used 9952K, committed 10816K, reserved 212992K
}
Event: 2573,226 GC heap before
{Heap before GC invocations=117 (full 0):
 garbage-first heap   total 262144K, used 218699K [0x00000000e0000000, 0x0000000100000000)
  region size 1024K, 117 young (119808K), 4 survivors (4096K)
 Metaspace       used 77584K, committed 79680K, reserved 286720K
  class space    used 9961K, committed 10816K, reserved 212992K
}
Event: 2573,234 GC heap after
{Heap after GC invocations=118 (full 0):
 garbage-first heap   total 262144K, used 106276K [0x00000000e0000000, 0x0000000100000000)
  region size 1024K, 6 young (6144K), 6 survivors (6144K)
 Metaspace       used 77584K, committed 79680K, reserved 286720K
  class space    used 9961K, committed 10816K, reserved 212992K
}
Event: 2581,424 GC heap before
{Heap before GC invocations=118 (full 0):
 garbage-first heap   total 262144K, used 217892K [0x00000000e0000000, 0x0000000100000000)
  region size 1024K, 116 young (118784K), 6 survivors (6144K)
 Metaspace       used 77670K, committed 79744K, reserved 286720K
  class space    used 9980K, committed 10816K, reserved 212992K
}
Event: 2581,435 GC heap after
{Heap after GC invocations=119 (full 0):
 garbage-first heap   total 262144K, used 108486K [0x00000000e0000000, 0x0000000100000000)
  region size 1024K, 8 young (8192K), 8 survivors (8192K)
 Metaspace       used 77670K, committed 79744K, reserved 286720K
  class space    used 9980K, committed 10816K, reserved 212992K
}
Event: 2589,747 GC heap before
{Heap before GC invocations=119 (full 0):
 garbage-first heap   total 262144K, used 216006K [0x00000000e0000000, 0x0000000100000000)
  region size 1024K, 114 young (116736K), 8 survivors (8192K)
 Metaspace       used 77751K, committed 79872K, reserved 286720K
  class space    used 9999K, committed 10880K, reserved 212992K
}
Event: 2589,759 GC heap after
{Heap after GC invocations=120 (full 0):
 garbage-first heap   total 262144K, used 105216K [0x00000000e0000000, 0x0000000100000000)
  region size 1024K, 5 young (5120K), 5 survivors (5120K)
 Metaspace       used 77751K, committed 79872K, reserved 286720K
  class space    used 9999K, committed 10880K, reserved 212992K
}
Event: 3306,825 GC heap before
{Heap before GC invocations=120 (full 0):
 garbage-first heap   total 262144K, used 217856K [0x00000000e0000000, 0x0000000100000000)
  region size 1024K, 116 young (118784K), 5 survivors (5120K)
 Metaspace       used 77936K, committed 80064K, reserved 286720K
  class space    used 10043K, committed 10944K, reserved 212992K
}
Event: 3306,829 GC heap after
{Heap after GC invocations=121 (full 0):
 garbage-first heap   total 262144K, used 105293K [0x00000000e0000000, 0x0000000100000000)
  region size 1024K, 5 young (5120K), 5 survivors (5120K)
 Metaspace       used 77936K, committed 80064K, reserved 286720K
  class space    used 10043K, committed 10944K, reserved 212992K
}

