# JRE version: OpenJDK Runtime Environment (17.0.5+8) (build 17.0.5+8-Ubuntu-2ubuntu122.04)
# Java VM: OpenJDK 64-Bit Server VM (17.0.5+8-Ubuntu-2ubuntu122.04, mixed mode, sharing, tiered, compressed oops, compressed class ptrs, g1 gc, linux-amd64)
GC Precious Log:
 CPUs: 4 total, 4 available
 Memory: 7708M
 Large Page Support: Disabled
 NUMA Support: Disabled
 Compressed Oops: Enabled (32-bit)
 Heap Region Size: 1M
 Heap Min Capacity: 256M
 Heap Initial Capacity: 256M
 Heap Max Capacity: 512M
 Pre-touch: Disabled
 Parallel Workers: 4
 Concurrent Workers: 1
 Concurrent Refinement Workers: 4
 Periodic GC: Disabled
Heap:
 garbage-first heap   total 262144K, used 168263K [0x00000000e0000000, 0x0000000100000000)
  region size 1024K, 147 young (150528K), 20 survivors (20480K)
 Metaspace       used 57881K, committed 58368K, reserved 270336K
  class space    used 7952K, committed 8192K, reserved 212992K
GC Heap History (12 events):
Event: 0,188 GC heap before
{Heap before GC invocations=0 (full 0):
 garbage-first heap   total 264192K, used 16360K [0x00000000e0000000, 0x0000000100000000)
  region size 1024K, 13 young (13312K), 0 survivors (0K)
 Metaspace       used 939K, committed 1088K, reserved 221184K
  class space    used 74K, committed 128K, reserved 212992K
}
Event: 0,194 GC heap after
{Heap after GC invocations=1 (full 0):
 garbage-first heap   total 264192K, used 5003K [0x00000000e0000000, 0x0000000100000000)
  region size 1024K, 2 young (2048K), 2 survivors (2048K)
 Metaspace       used 939K, committed 1088K, reserved 221184K
  class space    used 74K, committed 128K, reserved 212992K
}
Event: 0,655 GC heap before
{Heap before GC invocations=1 (full 0):
 garbage-first heap   total 264192K, used 24459K [0x00000000e0000000, 0x0000000100000000)
  region size 1024K, 18 young (18432K), 2 survivors (2048K)
 Metaspace       used 3829K, committed 4032K, reserved 221184K
  class space    used 482K, committed 576K, reserved 212992K
}
Event: 0,659 GC heap after
{Heap after GC invocations=2 (full 0):
 garbage-first heap   total 264192K, used 10340K [0x00000000e0000000, 0x0000000100000000)
  region size 1024K, 3 young (3072K), 3 survivors (3072K)
 Metaspace       used 3829K, committed 4032K, reserved 221184K
  class space    used 482K, committed 576K, reserved 212992K
}
Event: 1,228 GC heap before
{Heap before GC invocations=2 (full 0):
 garbage-first heap   total 264192K, used 34916K [0x00000000e0000000, 0x0000000100000000)
  region size 1024K, 27 young (27648K), 3 survivors (3072K)
 Metaspace       used 5710K, committed 5824K, reserved 221184K
  class space    used 770K, committed 832K, reserved 212992K
}
Event: 1,233 GC heap after
{Heap after GC invocations=3 (full 0):
 garbage-first heap   total 264192K, used 15691K [0x00000000e0000000, 0x0000000100000000)
  region size 1024K, 4 young (4096K), 4 survivors (4096K)
 Metaspace       used 5710K, committed 5824K, reserved 221184K
  class space    used 770K, committed 832K, reserved 212992K
}
Event: 2,551 GC heap before
{Heap before GC invocations=3 (full 0):
 garbage-first heap   total 264192K, used 105803K [0x00000000e0000000, 0x0000000100000000)
  region size 1024K, 93 young (95232K), 4 survivors (4096K)
 Metaspace       used 21184K, committed 21504K, reserved 237568K
  class space    used 3160K, committed 3328K, reserved 212992K
}
Event: 2,567 GC heap after
{Heap after GC invocations=4 (full 0):
 garbage-first heap   total 264192K, used 21179K [0x00000000e0000000, 0x0000000100000000)
  region size 1024K, 10 young (10240K), 10 survivors (10240K)
 Metaspace       used 21184K, committed 21504K, reserved 237568K
  class space    used 3160K, committed 3328K, reserved 212992K
}
Event: 4,485 GC heap before
{Heap before GC invocations=5 (full 0):
 garbage-first heap   total 262144K, used 123579K [0x00000000e0000000, 0x0000000100000000)
  region size 1024K, 108 young (110592K), 10 survivors (10240K)
 Metaspace       used 35632K, committed 35968K, reserved 245760K
  class space    used 4941K, committed 5120K, reserved 212992K
}
Event: 4,543 GC heap after
{Heap after GC invocations=6 (full 0):
 garbage-first heap   total 262144K, used 29474K [0x00000000e0000000, 0x0000000100000000)
  region size 1024K, 18 young (18432K), 18 survivors (18432K)
 Metaspace       used 35632K, committed 35968K, reserved 245760K
  class space    used 4941K, committed 5120K, reserved 212992K
}
Event: 10,780 GC heap before
{Heap before GC invocations=7 (full 0):
 garbage-first heap   total 262144K, used 166690K [0x00000000e0000000, 0x0000000100000000)
  region size 1024K, 153 young (156672K), 18 survivors (18432K)
 Metaspace       used 53565K, committed 53952K, reserved 262144K
  class space    used 7525K, committed 7680K, reserved 212992K
}
Event: 10,821 GC heap after
{Heap after GC invocations=8 (full 0):
 garbage-first heap   total 262144K, used 40263K [0x00000000e0000000, 0x0000000100000000)
  region size 1024K, 20 young (20480K), 20 survivors (20480K)
 Metaspace       used 53565K, committed 53952K, reserved 262144K
  class space    used 7525K, committed 7680K, reserved 212992K
}

